2025-10-09 09:48:10 | Auth | user gael.mapwata@ubagroup.com trying to login
2025-10-09 09:48:10 | Auth | user gael.mapwata@ubagroup.com successful logged with active directory, otp sended
2025-10-09 09:48:40 | Entrust API | sending Token to Entrust
2025-10-09 09:48:41 | Auth | user gael.mapwata@ubagroup.com successful logged with otp verification
2025-10-09 11:34:54 | Auth | user gael.mapwata@ubagroup.com trying to login
2025-10-09 11:35:08 | Auth | user gael.mapwata@ubagroup.com trying to login
2025-10-09 11:35:08 | Auth | user gael.mapwata@ubagroup.com successful logged with active directory, otp sended
2025-10-09 11:35:40 | Entrust API | sending Token to Entrust
2025-10-09 11:35:53 | Auth | user gael.mapwata@ubagroup.com successful logged with otp verification
2025-10-09 11:47:43 | ClientAuth | user gmapwata6@gmail.com successful logged
2025-10-09 11:48:23 | Transaction | user (undefined #undefined) started a new transaction, payload: {"msisdn":"0810951614","lastName":"John","firstName":"Doe","amount":10,"currency":"USD","accountNumber":"990820000842"}
2025-10-09 11:48:23 | Transaction Finacle | sending transaction (4) to Finacle
2025-10-09 11:48:24 | Transaction Finacle | transaction (4) successfully sended to Finacle
2025-10-09 11:48:24 | Transaction | transaction (4) generated by user (undefined #undefined) for msisdn (0810951614)
2025-10-09 11:53:38 | Auth | user gael.mapwata@ubagroup.com trying to login
2025-10-09 11:53:38 | Auth | user gael.mapwata@ubagroup.com successful logged with active directory, otp sended
2025-10-09 11:54:11 | Entrust API | sending Token to Entrust
2025-10-09 11:54:17 | Entrust API | sending Token to Entrust
2025-10-09 11:54:24 | Auth | user gael.mapwata@ubagroup.com successful logged with otp verification
2025-10-09 12:26:13 | Auth | user gael.mapwata@ubagroup.com trying to login
2025-10-09 12:26:13 | Auth | user gael.mapwata@ubagroup.com successful logged with active directory, otp sended
2025-10-09 12:26:39 | Entrust API | sending Token to Entrust
2025-10-09 12:26:49 | Entrust API | sending Token to Entrust
2025-10-09 12:26:53 | Auth | user gael.mapwata@ubagroup.com successful logged with otp verification
2025-10-09 12:34:52 | Auth | user gael.mapwata@ubagroup.com trying to login
2025-10-09 12:34:52 | Auth | user gael.mapwata@ubagroup.com successful logged with active directory, otp sended
2025-10-09 12:35:15 | Entrust API | sending Token to Entrust
2025-10-09 12:35:21 | Entrust API | sending Token to Entrust
2025-10-09 12:35:28 | Auth | user gael.mapwata@ubagroup.com successful logged with otp verification
